host: LAPTOP-G9KSVGVI
Building DAG of jobs...
Using shell: /usr/bin/bash
Provided cores: 8
Rules claiming more threads will be scaled down.
Job stats:
job      count
-----  -------
hello        1
total        1

Select jobs to execute...
Execute 1 jobs...

[Fri Dec 20 23:44:45 2024]
localrule hello:
    output: hello.txt
    jobid: 0
    reason: Missing output files: hello.txt
    resources: tmpdir=/tmp

[Fri Dec 20 23:44:45 2024]
Finished job 0.
1 of 1 steps (100%) done
Complete log: .snakemake/log/2024-12-20T234445.032165.snakemake.log
