Building DAG of jobs...
Using shell: /usr/bin/bash
Provided cores: 4
Rules claiming more threads will be scaled down.
Job stats:
job           count
----------  -------
all               1
flagstat          2
map_reads         2
sam_to_bam        2
sort_bam          2
total             9

Select jobs to execute...
Failed to solve scheduling problem with ILP solver. Falling back to greedy solver. Run Snakemake with --verbose to see the full solver output for debugging the problem.

[Sun Dec 22 17:49:47 2024]
rule map_reads:
    input: data/reference.fna, data/sample1.fastq
    output: results/sample1.sam
    jobid: 4
    reason: Missing output files: results/sample1.sam
    wildcards: sample=sample1
    resources: tmpdir=/tmp


[Sun Dec 22 17:49:47 2024]
rule map_reads:
    input: data/reference.fna, data/sample2.fastq
    output: results/sample2.sam
    jobid: 8
    reason: Missing output files: results/sample2.sam
    wildcards: sample=sample2
    resources: tmpdir=/tmp

[Sun Dec 22 17:56:32 2024]
Finished job 4.
1 of 9 steps (11%) done
Select jobs to execute...

[Sun Dec 22 17:56:32 2024]
rule sam_to_bam:
    input: results/sample1.sam
    output: results/sample1.bam
    jobid: 3
    reason: Missing output files: results/sample1.bam; Input files updated by another job: results/sample1.sam
    wildcards: sample=sample1
    resources: tmpdir=/tmp

[Sun Dec 22 17:56:33 2024]
Finished job 8.
2 of 9 steps (22%) done
Select jobs to execute...

[Sun Dec 22 17:56:33 2024]
rule sam_to_bam:
    input: results/sample2.sam
    output: results/sample2.bam
    jobid: 7
    reason: Missing output files: results/sample2.bam; Input files updated by another job: results/sample2.sam
    wildcards: sample=sample2
    resources: tmpdir=/tmp

[Sun Dec 22 17:56:50 2024]
Finished job 3.
3 of 9 steps (33%) done
Select jobs to execute...

[Sun Dec 22 17:56:50 2024]
rule sort_bam:
    input: results/sample1.bam
    output: results/sample1_sorted.bam
    jobid: 2
    reason: Missing output files: results/sample1_sorted.bam; Input files updated by another job: results/sample1.bam
    wildcards: sample=sample1
    resources: tmpdir=/tmp

[Sun Dec 22 17:56:51 2024]
Finished job 7.
4 of 9 steps (44%) done
Select jobs to execute...

[Sun Dec 22 17:56:51 2024]
rule sort_bam:
    input: results/sample2.bam
    output: results/sample2_sorted.bam
    jobid: 6
    reason: Missing output files: results/sample2_sorted.bam; Input files updated by another job: results/sample2.bam
    wildcards: sample=sample2
    resources: tmpdir=/tmp

[Sun Dec 22 17:57:13 2024]
Finished job 2.
5 of 9 steps (56%) done
Select jobs to execute...

[Sun Dec 22 17:57:13 2024]
rule flagstat:
    input: results/sample1_sorted.bam
    output: results/flagstat/sample1_flagstat.txt
    jobid: 1
    reason: Missing output files: results/flagstat/sample1_flagstat.txt; Input files updated by another job: results/sample1_sorted.bam
    wildcards: sample=sample1
    resources: tmpdir=/tmp

[Sun Dec 22 17:57:13 2024]
Finished job 6.
6 of 9 steps (67%) done
Select jobs to execute...

[Sun Dec 22 17:57:13 2024]
rule flagstat:
    input: results/sample2_sorted.bam
    output: results/flagstat/sample2_flagstat.txt
    jobid: 5
    reason: Missing output files: results/flagstat/sample2_flagstat.txt; Input files updated by another job: results/sample2_sorted.bam
    wildcards: sample=sample2
    resources: tmpdir=/tmp

[Sun Dec 22 17:57:14 2024]
Finished job 1.
7 of 9 steps (78%) done
[Sun Dec 22 17:57:15 2024]
Finished job 5.
8 of 9 steps (89%) done
Select jobs to execute...

[Sun Dec 22 17:57:15 2024]
localrule all:
    input: results/flagstat/sample1_flagstat.txt, results/flagstat/sample2_flagstat.txt
    jobid: 0
    reason: Input files updated by another job: results/flagstat/sample2_flagstat.txt, results/flagstat/sample1_flagstat.txt
    resources: tmpdir=/tmp

[Sun Dec 22 17:57:15 2024]
Finished job 0.
9 of 9 steps (100%) done
Complete log: .snakemake/log/2024-12-22T174938.476960.snakemake.log
